<?xml version="1.0" encoding="UTF-8"?>
<testng-results ignored="0" total="1" passed="1" failed="0" skipped="0">
  <reporter-output>
  </reporter-output>
  <suite started-at="2021-05-18T15:05:55 IST" name="Default suite" finished-at="2021-05-18T15:06:11 IST" duration-ms="15935">
    <groups>
    </groups>
    <test started-at="2021-05-18T15:05:55 IST" name="Default test" finished-at="2021-05-18T15:06:11 IST" duration-ms="15935">
      <class name="TestNG_example.aTagTest">
        <test-method is-config="true" signature="setUp()[pri:0, instance:TestNG_example.aTagTest@2f465398]" started-at="2021-05-18T15:05:55 IST" name="setUp" finished-at="2021-05-18T15:06:07 IST" duration-ms="12114" status="PASS">
          <reporter-output>
          </reporter-output>
        </test-method> <!-- setUp -->
        <test-method signature="loginPresent()[pri:0, instance:TestNG_example.aTagTest@2f465398]" started-at="2021-05-18T15:06:07 IST" name="loginPresent" finished-at="2021-05-18T15:06:07 IST" duration-ms="335" status="PASS">
          <reporter-output>
          </reporter-output>
        </test-method> <!-- loginPresent -->
        <test-method is-config="true" signature="tearDown()[pri:0, instance:TestNG_example.aTagTest@2f465398]" started-at="2021-05-18T15:06:07 IST" name="tearDown" finished-at="2021-05-18T15:06:11 IST" duration-ms="3457" status="PASS">
          <reporter-output>
          </reporter-output>
        </test-method> <!-- tearDown -->
      </class> <!-- TestNG_example.aTagTest -->
    </test> <!-- Default test -->
  </suite> <!-- Default suite -->
</testng-results>
